<?xml version="1.0" encoding="UTF-8"?>
<testsuite name="sample.controller.SampleRepositoryTest" tests="1" skipped="0" failures="0" errors="0" timestamp="2016-03-16T02:01:41" hostname="takahashi-PC" time="0.15">
  <properties/>
  <testcase name="testSample" classname="sample.controller.SampleRepositoryTest" time="0.15"/>
  <system-out><![CDATA[2016-03-16 11:01:41.358  INFO 6524 --- [    Test worker] o.s.t.c.support.AbstractContextLoader    : Could not detect default resource locations for test class [sample.controller.SampleRepositoryTest]: no resource found for suffixes {-context.xml, Context.groovy}.
2016-03-16 11:01:41.361  INFO 6524 --- [    Test worker] o.s.t.c.s.DefaultTestContextBootstrapper : Loaded default TestExecutionListener class names from location [META-INF/spring.factories]: [org.springframework.test.context.web.ServletTestExecutionListener, org.springframework.test.context.support.DirtiesContextBeforeModesTestExecutionListener, org.springframework.test.context.support.DependencyInjectionTestExecutionListener, org.springframework.test.context.support.DirtiesContextTestExecutionListener, org.springframework.test.context.transaction.TransactionalTestExecutionListener, org.springframework.test.context.jdbc.SqlScriptsTestExecutionListener]
2016-03-16 11:01:41.362  INFO 6524 --- [    Test worker] o.s.t.c.s.DefaultTestContextBootstrapper : Using TestExecutionListeners: [org.springframework.test.context.web.ServletTestExecutionListener@4ae02fe8, org.springframework.test.context.support.DirtiesContextBeforeModesTestExecutionListener@4a5bf431, org.springframework.test.context.support.DependencyInjectionTestExecutionListener@22f330d7, org.springframework.test.context.support.DirtiesContextTestExecutionListener@55d4c497, org.springframework.test.context.transaction.TransactionalTestExecutionListener@1e002eaa, org.springframework.test.context.jdbc.SqlScriptsTestExecutionListener@befbb27]

  .   ____          _            __ _ _
 /\\ / ___'_ __ _ _(_)_ __  __ _ \ \ \ \
( ( )\___ | '_ | '_| | '_ \/ _` | \ \ \ \
 \\/  ___)| |_)| | | | | || (_| |  ) ) ) )
  '  |____| .__|_| |_|_| |_\__, | / / / /
 =========|_|==============|___/=/_/_/_/
 :: Spring Boot ::        (v1.3.3.RELEASE)

2016-03-16 11:01:41.390  INFO 6524 --- [    Test worker] sample.controller.SampleRepositoryTest   : Starting SampleRepositoryTest on takahashi-PC with PID 6524 (D:\Users\takahashi\Documents\IdeaProjects\spring-boot-sample\build\classes\test started by takahashi in D:\Users\takahashi\Documents\IdeaProjects\spring-boot-sample)
2016-03-16 11:01:41.390  INFO 6524 --- [    Test worker] sample.controller.SampleRepositoryTest   : No active profile set, falling back to default profiles: default
2016-03-16 11:01:41.392  INFO 6524 --- [    Test worker] s.c.a.AnnotationConfigApplicationContext : Refreshing org.springframework.context.annotation.AnnotationConfigApplicationContext@2ef6b7a: startup date [Wed Mar 16 11:01:41 JST 2016]; root of context hierarchy
2016-03-16 11:01:41.693  INFO 6524 --- [    Test worker] j.LocalContainerEntityManagerFactoryBean : Building JPA container EntityManagerFactory for persistence unit 'default'
2016-03-16 11:01:41.693  INFO 6524 --- [    Test worker] o.hibernate.jpa.internal.util.LogHelper  : HHH000204: Processing PersistenceUnitInfo [
	name: default
	...]
2016-03-16 11:01:41.701  INFO 6524 --- [    Test worker] org.hibernate.dialect.Dialect            : HHH000400: Using dialect: org.hibernate.dialect.HSQLDialect
2016-03-16 11:01:41.703  INFO 6524 --- [    Test worker] o.h.h.i.ast.ASTQueryTranslatorFactory    : HHH000397: Using ASTQueryTranslatorFactory
2016-03-16 11:01:41.713  INFO 6524 --- [    Test worker] org.hibernate.tool.hbm2ddl.SchemaExport  : HHH000227: Running hbm2ddl schema export
2016-03-16 11:01:41.714  INFO 6524 --- [    Test worker] org.hibernate.tool.hbm2ddl.SchemaExport  : HHH000230: Schema export complete
2016-03-16 11:01:41.715  WARN 6524 --- [    Test worker] o.h.j.i.EntityManagerFactoryRegistry     : HHH000436: Entity manager factory name (default) is already registered.  If entity manager will be clustered or passivated, specify a unique value for property 'hibernate.ejb.entitymanager_factory_name'
2016-03-16 11:01:41.846  INFO 6524 --- [    Test worker] sample.controller.SampleRepositoryTest   : Started SampleRepositoryTest in 0.481 seconds (JVM running for 5.791)
]]></system-out>
  <system-err><![CDATA[]]></system-err>
</testsuite>
