<?xml version="1.0" encoding="UTF-8"?>
<testsuite name="sample.controller.HelloControllerTest" tests="1" skipped="0" failures="0" errors="0" timestamp="2016-03-16T02:01:41" hostname="takahashi-PC" time="0.041">
  <properties/>
  <testcase name="getHello" classname="sample.controller.HelloControllerTest" time="0.041"/>
  <system-out><![CDATA[2016-03-16 11:01:41.143  INFO 6524 --- [    Test worker] o.s.t.c.support.AbstractContextLoader    : Could not detect default resource locations for test class [sample.controller.HelloControllerTest]: no resource found for suffixes {-context.xml, Context.groovy}.
2016-03-16 11:01:41.145  INFO 6524 --- [    Test worker] o.s.t.c.web.WebTestContextBootstrapper   : Loaded default TestExecutionListener class names from location [META-INF/spring.factories]: [org.springframework.test.context.web.ServletTestExecutionListener, org.springframework.test.context.support.DirtiesContextBeforeModesTestExecutionListener, org.springframework.test.context.support.DependencyInjectionTestExecutionListener, org.springframework.test.context.support.DirtiesContextTestExecutionListener, org.springframework.test.context.transaction.TransactionalTestExecutionListener, org.springframework.test.context.jdbc.SqlScriptsTestExecutionListener]
2016-03-16 11:01:41.146  INFO 6524 --- [    Test worker] o.s.t.c.web.WebTestContextBootstrapper   : Using TestExecutionListeners: [org.springframework.test.context.web.ServletTestExecutionListener@77fc6ccb, org.springframework.test.context.support.DirtiesContextBeforeModesTestExecutionListener@3b92ceb1, org.springframework.test.context.support.DependencyInjectionTestExecutionListener@4a26308b, org.springframework.test.context.support.DirtiesContextTestExecutionListener@299485bc, org.springframework.test.context.transaction.TransactionalTestExecutionListener@3d1a2e71, org.springframework.test.context.jdbc.SqlScriptsTestExecutionListener@10508825]

  .   ____          _            __ _ _
 /\\ / ___'_ __ _ _(_)_ __  __ _ \ \ \ \
( ( )\___ | '_ | '_| | '_ \/ _` | \ \ \ \
 \\/  ___)| |_)| | | | | || (_| |  ) ) ) )
  '  |____| .__|_| |_|_| |_\__, | / / / /
 =========|_|==============|___/=/_/_/_/
 :: Spring Boot ::        (v1.3.3.RELEASE)

2016-03-16 11:01:41.181  INFO 6524 --- [    Test worker] sample.controller.HelloControllerTest    : Starting HelloControllerTest on takahashi-PC with PID 6524 (D:\Users\takahashi\Documents\IdeaProjects\spring-boot-sample\build\classes\test started by takahashi in D:\Users\takahashi\Documents\IdeaProjects\spring-boot-sample)
2016-03-16 11:01:41.182  INFO 6524 --- [    Test worker] sample.controller.HelloControllerTest    : No active profile set, falling back to default profiles: default
2016-03-16 11:01:41.184  INFO 6524 --- [    Test worker] o.s.w.c.s.GenericWebApplicationContext   : Refreshing org.springframework.web.context.support.GenericWebApplicationContext@1391eff5: startup date [Wed Mar 16 11:01:41 JST 2016]; root of context hierarchy
2016-03-16 11:01:41.197  INFO 6524 --- [    Test worker] sample.controller.HelloControllerTest    : Started HelloControllerTest in 0.044 seconds (JVM running for 5.142)
2016-03-16 11:01:41.214  INFO 6524 --- [    Test worker] ilder$StaticRequestMappingHandlerMapping : Mapped "{[/hello/{id}/{name}],methods=[GET]}" onto public java.lang.String sample.controller.HelloController.getMethod(int,java.lang.String)
2016-03-16 11:01:41.214  INFO 6524 --- [    Test worker] ilder$StaticRequestMappingHandlerMapping : Mapped "{[/hello],methods=[POST]}" onto public sample.entity.Sample sample.controller.HelloController.create(sample.entity.Sample)
2016-03-16 11:01:41.215  INFO 6524 --- [    Test worker] ilder$StaticRequestMappingHandlerMapping : Mapped "{[/hello],methods=[GET]}" onto public java.lang.String sample.controller.HelloController.getHello()
2016-03-16 11:01:41.215  INFO 6524 --- [    Test worker] ilder$StaticRequestMappingHandlerMapping : Mapped "{[/hello/postpath],methods=[POST]}" onto public java.lang.String sample.controller.HelloController.postHello()
2016-03-16 11:01:41.225  INFO 6524 --- [    Test worker] s.w.s.m.m.a.RequestMappingHandlerAdapter : Looking for @ControllerAdvice: org.springframework.test.web.servlet.setup.StubWebApplicationContext@458b3821
2016-03-16 11:01:41.231  INFO 6524 --- [    Test worker] o.s.mock.web.MockServletContext          : Initializing Spring FrameworkServlet ''
2016-03-16 11:01:41.231  INFO 6524 --- [    Test worker] o.s.t.web.servlet.TestDispatcherServlet  : FrameworkServlet '': initialization started
2016-03-16 11:01:41.232  INFO 6524 --- [    Test worker] o.s.t.web.servlet.TestDispatcherServlet  : FrameworkServlet '': initialization completed in 1 ms
]]></system-out>
  <system-err><![CDATA[]]></system-err>
</testsuite>
