<?xml version="1.0" encoding="UTF-8"?>
<testsuite name="sample.controller.MockTest" tests="1" skipped="0" failures="0" errors="0" timestamp="2016-03-16T02:01:41" hostname="takahashi-PC" time="0.109">
  <properties/>
  <testcase name="testMock1" classname="sample.controller.MockTest" time="0.109"/>
  <system-out><![CDATA[]]></system-out>
  <system-err><![CDATA[]]></system-err>
</testsuite>
